<?xml version="1.0" encoding="UTF-8"?>
<testng-results skipped="0" failed="0" ignored="0" total="1" passed="1">
  <reporter-output>
  </reporter-output>
  <suite name="findUserById" duration-ms="1369" started-at="2019-09-06T06:32:42Z" finished-at="2019-09-06T06:32:44Z">
    <groups>
    </groups>
    <test name="根据id修改用户" duration-ms="1369" started-at="2019-09-06T06:32:42Z" finished-at="2019-09-06T06:32:44Z">
      <class name="com.apis.find.FindUserById">
        <test-method status="PASS" signature="findById(int)[pri:0, instance:com.apis.find.FindUserById@7e0ea639]" name="findById" duration-ms="1311" started-at="2019-09-06T06:32:42Z" finished-at="2019-09-06T06:32:44Z">
          <params>
            <param index="0">
              <value>
                <![CDATA[631]]>
              </value>
            </param>
          </params>
          <reporter-output>
          </reporter-output>
        </test-method> <!-- findById -->
      </class> <!-- com.apis.find.FindUserById -->
    </test> <!-- 根据id修改用户 -->
  </suite> <!-- findUserById -->
</testng-results>
